0 info it worked if it ends with ok
1 verbose cli [ '/usr/local/bin/node',
1 verbose cli   '/usr/local/bin/npm',
1 verbose cli   'run',
1 verbose cli   'watch:all' ]
2 info using npm@3.10.5
3 info using node@v4.4.7
4 verbose run-script [ 'prewatch:all', 'watch:all', 'postwatch:all' ]
5 info lifecycle butlerui-manager-dashboard@0.0.1~prewatch:all: butlerui-manager-dashboard@0.0.1
6 silly lifecycle butlerui-manager-dashboard@0.0.1~prewatch:all: no script for prewatch:all, continuing
7 info lifecycle butlerui-manager-dashboard@0.0.1~watch:all: butlerui-manager-dashboard@0.0.1
8 verbose lifecycle butlerui-manager-dashboard@0.0.1~watch:all: unsafe-perm in lifecycle true
9 verbose lifecycle butlerui-manager-dashboard@0.0.1~watch:all: PATH: /usr/local/lib/node_modules/npm/bin/node-gyp-bin:/Users/krishna.g/md/gor.butler.ui.managerdashboard/node_modules/.bin:/usr/local/bin:/usr/local/bin:/usr/bin:/bin:/usr/sbin:/sbin:/Users/krishna.g/Apps/arcanist/bin
10 verbose lifecycle butlerui-manager-dashboard@0.0.1~watch:all: CWD: /Users/krishna.g/md/gor.butler.ui.managerdashboard
11 silly lifecycle butlerui-manager-dashboard@0.0.1~watch:all: Args: [ '-c',
11 silly lifecycle   'parallelshell \'npm run watch:css\' \'npm run watch:js\'' ]
12 silly lifecycle butlerui-manager-dashboard@0.0.1~watch:all: Returned: code: 1  signal: null
13 info lifecycle butlerui-manager-dashboard@0.0.1~watch:all: Failed to exec watch:all script
14 verbose stack Error: butlerui-manager-dashboard@0.0.1 watch:all: `parallelshell 'npm run watch:css' 'npm run watch:js'`
14 verbose stack Exit status 1
14 verbose stack     at EventEmitter.<anonymous> (/usr/local/lib/node_modules/npm/lib/utils/lifecycle.js:242:16)
14 verbose stack     at emitTwo (events.js:87:13)
14 verbose stack     at EventEmitter.emit (events.js:172:7)
14 verbose stack     at ChildProcess.<anonymous> (/usr/local/lib/node_modules/npm/lib/utils/spawn.js:40:14)
14 verbose stack     at emitTwo (events.js:87:13)
14 verbose stack     at ChildProcess.emit (events.js:172:7)
14 verbose stack     at maybeClose (internal/child_process.js:827:16)
14 verbose stack     at Process.ChildProcess._handle.onexit (internal/child_process.js:211:5)
15 verbose pkgid butlerui-manager-dashboard@0.0.1
16 verbose cwd /Users/krishna.g/md/gor.butler.ui.managerdashboard
17 error Darwin 15.3.0
18 error argv "/usr/local/bin/node" "/usr/local/bin/npm" "run" "watch:all"
19 error node v4.4.7
20 error npm  v3.10.5
21 error code ELIFECYCLE
22 error butlerui-manager-dashboard@0.0.1 watch:all: `parallelshell 'npm run watch:css' 'npm run watch:js'`
22 error Exit status 1
23 error Failed at the butlerui-manager-dashboard@0.0.1 watch:all script 'parallelshell 'npm run watch:css' 'npm run watch:js''.
23 error Make sure you have the latest version of node.js and npm installed.
23 error If you do, this is most likely a problem with the butlerui-manager-dashboard package,
23 error not with npm itself.
23 error Tell the author that this fails on your system:
23 error     parallelshell 'npm run watch:css' 'npm run watch:js'
23 error You can get information on how to open an issue for this project with:
23 error     npm bugs butlerui-manager-dashboard
23 error Or if that isn't available, you can get their info via:
23 error     npm owner ls butlerui-manager-dashboard
23 error There is likely additional logging output above.
24 verbose exit [ 1, true ]
